Base path: C:/Program Files (x86)/Unity/Editor/Data
Pipe name: \\.\pipe\UnityShaderCompiler-5-13264
Cmd: getPlatforms
Cmd: compileSnippet
  api=8 type=1 insize=1008 outsize=1219 kw= ok=1
Cmd: compileSnippet
  api=0 type=1 insize=1171 outsize=466 kw= ok=1
Cmd: compileSnippet
  api=1 type=1 insize=3253 outsize=208 kw= ok=1
Cmd: compileSnippet
  api=8 type=0 insize=3267 outsize=2462 kw= ok=1
Cmd: compileSnippet
  api=1 type=0 insize=3259 outsize=335 kw= ok=1
Cmd: compileSnippet
  api=8 type=1 insize=3259 outsize=1698 kw= ok=1
Cmd: compileSnippet
  api=0 type=1 insize=3256 outsize=256 kw= ok=1
Cmd: compileSnippet
  api=0 type=1 insize=3268 outsize=402 kw= ok=1
Cmd: compileSnippet
  api=1 type=1 insize=3261 outsize=125 kw= ok=1
Cmd: compileSnippet
  api=0 type=1 insize=3254 outsize=127 kw= ok=1
Cmd: compileSnippet
  api=0 type=1 insize=3258 outsize=197 kw= ok=1
Cmd: compileSnippet
  api=8 type=0 insize=3253 outsize=2023 kw= ok=1
Cmd: compileSnippet
  api=1 type=0 insize=867 outsize=316 kw= ok=1
Cmd: compileSnippet
  api=8 type=0 insize=4713 outsize=2990 kw= ok=1
Cmd: compileSnippet
  api=0 type=0 insize=4822 outsize=1034 kw=DIRECTIONAL SHADOWS_SCREEN LIGHTMAP_OFF DIRLIGHTMAP_OFF ok=1
Cmd: compileSnippet
  api=0 type=0 insize=4822 outsize=1693 kw=DIRECTIONAL SHADOWS_SCREEN LIGHTMAP_OFF DIRLIGHTMAP_OFF VERTEXLIGHT_ON ok=1
Cmd: compileSnippet
  api=8 type=1 insize=4822 outsize=1658 kw=DIRECTIONAL SHADOWS_OFF LIGHTMAP_ON DIRLIGHTMAP_OFF ok=1
Cmd: compileSnippet
  api=0 type=0 insize=2798 outsize=817 kw=POINT ok=1
Cmd: compileSnippet
  api=8 type=0 insize=2798 outsize=4128 kw=POINT_COOKIE ok=1
Cmd: compileSnippet
  api=8 type=1 insize=2798 outsize=2040 kw=DIRECTIONAL ok=1
Cmd: compileSnippet
  api=8 type=1 insize=2798 outsize=2917 kw=POINT_COOKIE ok=1
