Base path: C:/Program Files (x86)/Unity/Editor/Data
Pipe name: \\.\pipe\UnityShaderCompiler-7-11308
Cmd: getPlatforms
Cmd: compileSnippet
  api=8 type=0 insize=1007 outsize=1438 kw= ok=1
Cmd: compileSnippet
  api=1 type=0 insize=1171 outsize=351 kw= ok=1
Cmd: compileSnippet
  api=1 type=1 insize=3267 outsize=239 kw= ok=1
Cmd: compileSnippet
  api=1 type=0 insize=3256 outsize=335 kw= ok=1
Cmd: compileSnippet
  api=8 type=0 insize=3268 outsize=2462 kw= ok=1
Cmd: compileSnippet
  api=1 type=0 insize=3254 outsize=335 kw= ok=1
Cmd: compileSnippet
  api=1 type=0 insize=3258 outsize=335 kw= ok=1
Cmd: compileSnippet
  api=0 type=0 insize=867 outsize=635 kw= ok=1
Cmd: compileSnippet
  api=0 type=0 insize=4698 outsize=328 kw= ok=1
Cmd: compileSnippet
  api=1 type=0 insize=4703 outsize=364 kw= ok=1
Cmd: compileSnippet
  api=8 type=1 insize=4703 outsize=2608 kw= ok=1
Cmd: compileSnippet
  api=1 type=1 insize=4713 outsize=588 kw= ok=1
Cmd: compileSnippet
  api=1 type=1 insize=4708 outsize=464 kw= ok=1
Cmd: compileSnippet
  api=8 type=1 insize=4714 outsize=3600 kw= ok=1
Cmd: compileSnippet
  api=1 type=1 insize=1135 outsize=192 kw= ok=1
Cmd: compileSnippet
  api=8 type=0 insize=4822 outsize=2048 kw=DIRECTIONAL SHADOWS_OFF LIGHTMAP_ON DIRLIGHTMAP_OFF ok=1
Cmd: compileSnippet
  api=4 type=0 insize=4822 outsize=2997 kw=DIRECTIONAL SHADOWS_SCREEN LIGHTMAP_OFF DIRLIGHTMAP_OFF ok=1
Cmd: compileSnippet
  api=8 type=0 insize=4822 outsize=2665 kw=DIRECTIONAL SHADOWS_SCREEN LIGHTMAP_ON DIRLIGHTMAP_OFF ok=1
Cmd: compileSnippet
  api=4 type=1 insize=4822 outsize=1128 kw=DIRECTIONAL SHADOWS_OFF LIGHTMAP_ON DIRLIGHTMAP_OFF ok=1
Cmd: compileSnippet
  api=4 type=1 insize=4822 outsize=1672 kw=DIRECTIONAL SHADOWS_SCREEN LIGHTMAP_ON DIRLIGHTMAP_OFF ok=1
Cmd: compileSnippet
  api=8 type=0 insize=2798 outsize=4128 kw=POINT ok=1
Cmd: compileSnippet
  api=1 type=0 insize=2798 outsize=359 kw=DIRECTIONAL_COOKIE ok=1
Cmd: compileSnippet
  api=8 type=1 insize=2798 outsize=2690 kw=POINT ok=1
Cmd: compileSnippet
  api=1 type=1 insize=2798 outsize=398 kw=DIRECTIONAL_COOKIE ok=1
